2021-08-07 05:43:20,353:INFO:PyCaret Supervised Module
2021-08-07 05:43:20,354:INFO:ML Usecase: regression
2021-08-07 05:43:20,354:INFO:version 2.3.3
2021-08-07 05:43:20,354:INFO:Initializing setup()
2021-08-07 05:43:20,354:INFO:setup(target=SalePrice, ml_usecase=regression, available_plots={'parameter': 'Hyperparameters', 'residuals': 'Residuals', 'error': 'Prediction Error', 'cooks': 'Cooks Distance', 'rfe': 'Feature Selection', 'learning': 'Learning Curve', 'manifold': 'Manifold Learning', 'vc': 'Validation Curve', 'feature': 'Feature Importance', 'feature_all': 'Feature Importance (All)', 'tree': 'Decision Tree', 'residuals_interactive': 'Interactive Residuals'}, train_size=0.7, test_data=None, preprocess=True, imputation_type=simple, iterative_imputation_iters=5, categorical_features=None, categorical_imputation=constant, categorical_iterative_imputer=lightgbm, ordinal_features=None, high_cardinality_features=None, high_cardinality_method=frequency, numeric_features=None, numeric_imputation=mean, numeric_iterative_imputer=lightgbm, date_features=None, ignore_features=None, normalize=False, normalize_method=zscore, transformation=False, transformation_method=yeo-johnson, handle_unknown_categorical=True, unknown_categorical_method=least_frequent, pca=False, pca_method=linear, pca_components=None, ignore_low_variance=False, combine_rare_levels=False, rare_level_threshold=0.1, bin_numeric_features=None, remove_outliers=False, outliers_threshold=0.05, remove_multicollinearity=False, multicollinearity_threshold=0.9, remove_perfect_collinearity=True, create_clusters=False, cluster_iter=20, polynomial_features=False, polynomial_degree=2, trigonometry_features=False, polynomial_threshold=0.1, group_features=None, group_names=None, feature_selection=False, feature_selection_threshold=0.8, feature_selection_method=classic, feature_interaction=False, feature_ratio=False, interaction_threshold=0.01, fix_imbalance=False, fix_imbalance_method=None, transform_target=False, transform_target_method=box-cox, data_split_shuffle=True, data_split_stratify=False, fold_strategy=kfold, fold=10, fold_shuffle=False, fold_groups=None, n_jobs=-1, use_gpu=False, custom_pipeline=None, html=True, session_id=None, log_experiment=False, experiment_name=None, log_plots=False, log_profile=False, log_data=False, silent=False, verbose=True, profile=False, profile_kwargs=None, display=None)
2021-08-07 05:43:20,355:INFO:Checking environment
2021-08-07 05:43:20,355:INFO:python_version: 3.7.11
2021-08-07 05:43:20,355:INFO:python_build: ('default', 'Jul 27 2021 09:42:29')
2021-08-07 05:43:20,355:INFO:machine: AMD64
2021-08-07 05:43:20,356:INFO:platform: Windows-10-10.0.18362-SP0
2021-08-07 05:43:20,358:WARNING:cannot find psutil installation. memory not traceable. Install psutil using pip to enable memory logging.
2021-08-07 05:43:20,358:INFO:Checking libraries
2021-08-07 05:43:20,358:INFO:pd==1.3.1
2021-08-07 05:43:20,359:INFO:numpy==1.19.5
2021-08-07 05:43:20,359:INFO:sklearn==0.23.2
2021-08-07 05:43:20,359:INFO:lightgbm==3.2.1
2021-08-07 05:43:20,387:INFO:catboost==0.26.1
2021-08-07 05:43:20,523:INFO:xgboost==1.4.2
2021-08-07 05:43:21,031:INFO:mlflow==1.19.0
2021-08-07 05:43:21,031:INFO:Checking Exceptions
2021-08-07 05:43:21,031:INFO:Declaring global variables
2021-08-07 05:43:21,031:INFO:USI: b25b
2021-08-07 05:43:21,031:INFO:pycaret_globals: {'X', 'X_train', 'X_test', 'fix_imbalance_param', 'n_jobs_param', 'html_param', 'USI', 'fold_param', 'prep_pipe', 'log_plots_param', '_all_models', 'exp_name_log', 'imputation_classifier', 'fold_shuffle_param', '_all_metrics', 'master_model_container', 'fix_imbalance_method_param', 'gpu_param', 'y_train', '_all_models_internal', '_ml_usecase', 'stratify_param', 'target_param', 'data_before_preprocess', 'display_container', 'fold_generator', 'y', 'logging_param', '_internal_pipeline', 'create_model_container', '_gpu_n_jobs_param', 'iterative_imputation_iters_param', 'pycaret_globals', 'seed', 'imputation_regressor', 'experiment__', 'transform_target_param', 'fold_groups_param_full', 'y_test', '_available_plots', 'transform_target_method_param', 'fold_groups_param'}
2021-08-07 05:43:21,031:INFO:Preparing display monitor
2021-08-07 05:43:21,032:INFO:Preparing display monitor
2021-08-07 05:43:21,045:INFO:Importing libraries
2021-08-07 05:43:21,045:INFO:Copying data for preprocessing
2021-08-07 05:43:21,053:INFO:Declaring preprocessing parameters
2021-08-07 05:43:21,056:INFO:Creating preprocessing pipeline
2021-08-07 05:43:21,092:INFO:Preprocessing pipeline created successfully
2021-08-07 05:43:21,092:ERROR:(Process Exit): setup has been interupted with user command 'quit'. setup must rerun.
2021-08-07 05:43:21,092:INFO:Creating global containers
2021-08-07 05:43:21,093:INFO:Internal pipeline: Pipeline(memory=None, steps=[('empty_step', 'passthrough')], verbose=False)
2021-08-07 05:43:24,044:INFO:Creating grid variables
2021-08-07 05:43:24,058:INFO:create_model_container: 0
2021-08-07 05:43:24,058:INFO:master_model_container: 0
2021-08-07 05:43:24,058:INFO:display_container: 1
2021-08-07 05:43:24,062:INFO:Pipeline(memory=None,
         steps=[('dtypes',
                 DataTypes_Auto_infer(categorical_features=[],
                                      display_types=True, features_todrop=[],
                                      id_columns=['Id'],
                                      ml_usecase='regression',
                                      numerical_features=[], target='SalePrice',
                                      time_features=[])),
                ('imputer',
                 Simple_Imputer(categorical_strategy='not_available',
                                fill_value_categorical=None,
                                fill_value_numerical=None,
                                numeric_st...
                ('scaling', 'passthrough'), ('P_transform', 'passthrough'),
                ('binn', 'passthrough'), ('rem_outliers', 'passthrough'),
                ('cluster_all', 'passthrough'),
                ('dummy', Dummify(target='SalePrice')),
                ('fix_perfect', Remove_100(target='SalePrice')),
                ('clean_names', Clean_Colum_Names()),
                ('feature_select', 'passthrough'), ('fix_multi', 'passthrough'),
                ('dfs', 'passthrough'), ('pca', 'passthrough')],
         verbose=False)
2021-08-07 05:43:24,063:INFO:setup() succesfully completed......................................
2021-08-07 05:43:33,875:INFO:Initializing compare_models()
2021-08-07 05:43:33,876:INFO:compare_models(include=None, fold=None, round=4, cross_validation=True, sort=R2, n_select=1, budget_time=None, turbo=True, errors=ignore, fit_kwargs=None, groups=None, verbose=True, display=None, exclude=None)
2021-08-07 05:43:33,876:INFO:Checking exceptions
2021-08-07 05:43:33,877:INFO:Preparing display monitor
2021-08-07 05:43:33,877:INFO:Preparing display monitor
2021-08-07 05:43:33,915:INFO:Initializing Linear Regression
2021-08-07 05:43:33,915:INFO:Total runtime is 0.0 minutes
2021-08-07 05:43:33,929:INFO:SubProcess create_model() called ==================================
2021-08-07 05:43:33,929:INFO:Initializing create_model()
2021-08-07 05:43:33,929:INFO:create_model(estimator=lr, fold=KFold(n_splits=10, random_state=None, shuffle=False), round=4, cross_validation=True, predict=True, fit_kwargs={}, groups=None, refit=False, verbose=False, system=False, metrics=None, display=<pycaret.internal.Display.Display object at 0x000001E783E2CB08>, kwargs={})
2021-08-07 05:43:33,929:INFO:Checking exceptions
2021-08-07 05:43:33,930:INFO:Importing libraries
2021-08-07 05:43:33,930:INFO:Copying training dataset
2021-08-07 05:43:33,932:INFO:Defining folds
2021-08-07 05:43:33,932:INFO:Declaring metric variables
2021-08-07 05:43:33,942:INFO:Importing untrained model
2021-08-07 05:43:33,956:INFO:Linear Regression Imported succesfully
2021-08-07 05:43:33,978:INFO:Starting cross validation
2021-08-07 05:43:33,985:INFO:Cross validating with KFold(n_splits=10, random_state=None, shuffle=False), n_jobs=-1
2021-08-07 05:43:40,019:INFO:Calculating mean and std
2021-08-07 05:43:40,020:INFO:Creating metrics dataframe
2021-08-07 05:43:40,025:INFO:Uploading results into container
2021-08-07 05:43:40,025:INFO:Uploading model into container now
2021-08-07 05:43:40,025:INFO:create_model_container: 1
2021-08-07 05:43:40,025:INFO:master_model_container: 1
2021-08-07 05:43:40,025:INFO:display_container: 2
2021-08-07 05:43:40,026:INFO:LinearRegression(copy_X=True, fit_intercept=True, n_jobs=-1, normalize=False)
2021-08-07 05:43:40,026:INFO:create_model() succesfully completed......................................
2021-08-07 05:43:40,081:INFO:SubProcess create_model() end ==================================
2021-08-07 05:43:40,081:INFO:Creating metrics dataframe
2021-08-07 05:43:40,096:INFO:Initializing Lasso Regression
2021-08-07 05:43:40,096:INFO:Total runtime is 0.10301785469055176 minutes
2021-08-07 05:43:40,103:INFO:SubProcess create_model() called ==================================
2021-08-07 05:43:40,103:INFO:Initializing create_model()
2021-08-07 05:43:40,103:INFO:create_model(estimator=lasso, fold=KFold(n_splits=10, random_state=None, shuffle=False), round=4, cross_validation=True, predict=True, fit_kwargs={}, groups=None, refit=False, verbose=False, system=False, metrics=None, display=<pycaret.internal.Display.Display object at 0x000001E783E2CB08>, kwargs={})
2021-08-07 05:43:40,103:INFO:Checking exceptions
2021-08-07 05:43:40,103:INFO:Importing libraries
2021-08-07 05:43:40,103:INFO:Copying training dataset
2021-08-07 05:43:40,105:INFO:Defining folds
2021-08-07 05:43:40,105:INFO:Declaring metric variables
2021-08-07 05:43:40,112:INFO:Importing untrained model
2021-08-07 05:43:40,125:INFO:Lasso Regression Imported succesfully
2021-08-07 05:43:40,143:INFO:Starting cross validation
2021-08-07 05:43:40,143:INFO:Cross validating with KFold(n_splits=10, random_state=None, shuffle=False), n_jobs=-1
2021-08-07 05:43:43,471:INFO:Calculating mean and std
2021-08-07 05:43:43,472:INFO:Creating metrics dataframe
2021-08-07 05:43:43,475:INFO:Uploading results into container
2021-08-07 05:43:43,475:INFO:Uploading model into container now
2021-08-07 05:43:43,475:INFO:create_model_container: 2
2021-08-07 05:43:43,475:INFO:master_model_container: 2
2021-08-07 05:43:43,475:INFO:display_container: 2
2021-08-07 05:43:43,476:INFO:Lasso(alpha=1.0, copy_X=True, fit_intercept=True, max_iter=1000,
      normalize=False, positive=False, precompute=False, random_state=7088,
      selection='cyclic', tol=0.0001, warm_start=False)
2021-08-07 05:43:43,476:INFO:create_model() succesfully completed......................................
2021-08-07 05:43:43,527:INFO:SubProcess create_model() end ==================================
2021-08-07 05:43:43,527:INFO:Creating metrics dataframe
2021-08-07 05:43:43,543:INFO:Initializing Ridge Regression
2021-08-07 05:43:43,543:INFO:Total runtime is 0.16046688954035443 minutes
2021-08-07 05:43:43,552:INFO:SubProcess create_model() called ==================================
2021-08-07 05:43:43,552:INFO:Initializing create_model()
2021-08-07 05:43:43,552:INFO:create_model(estimator=ridge, fold=KFold(n_splits=10, random_state=None, shuffle=False), round=4, cross_validation=True, predict=True, fit_kwargs={}, groups=None, refit=False, verbose=False, system=False, metrics=None, display=<pycaret.internal.Display.Display object at 0x000001E783E2CB08>, kwargs={})
2021-08-07 05:43:43,552:INFO:Checking exceptions
2021-08-07 05:43:43,552:INFO:Importing libraries
2021-08-07 05:43:43,552:INFO:Copying training dataset
2021-08-07 05:43:43,554:INFO:Defining folds
2021-08-07 05:43:43,554:INFO:Declaring metric variables
2021-08-07 05:43:43,562:INFO:Importing untrained model
2021-08-07 05:43:43,572:INFO:Ridge Regression Imported succesfully
2021-08-07 05:43:43,588:INFO:Starting cross validation
2021-08-07 05:43:43,589:INFO:Cross validating with KFold(n_splits=10, random_state=None, shuffle=False), n_jobs=-1
2021-08-07 05:43:43,906:INFO:Calculating mean and std
2021-08-07 05:43:43,907:INFO:Creating metrics dataframe
2021-08-07 05:43:43,911:INFO:Uploading results into container
2021-08-07 05:43:43,912:INFO:Uploading model into container now
2021-08-07 05:43:43,912:INFO:create_model_container: 3
2021-08-07 05:43:43,912:INFO:master_model_container: 3
2021-08-07 05:43:43,912:INFO:display_container: 2
2021-08-07 05:43:43,913:INFO:Ridge(alpha=1.0, copy_X=True, fit_intercept=True, max_iter=None,
      normalize=False, random_state=7088, solver='auto', tol=0.001)
2021-08-07 05:43:43,913:INFO:create_model() succesfully completed......................................
2021-08-07 05:43:43,970:INFO:SubProcess create_model() end ==================================
2021-08-07 05:43:43,970:INFO:Creating metrics dataframe
2021-08-07 05:43:43,986:INFO:Initializing Elastic Net
2021-08-07 05:43:43,987:INFO:Total runtime is 0.16786668697992962 minutes
2021-08-07 05:43:43,994:INFO:SubProcess create_model() called ==================================
2021-08-07 05:43:43,995:INFO:Initializing create_model()
2021-08-07 05:43:43,995:INFO:create_model(estimator=en, fold=KFold(n_splits=10, random_state=None, shuffle=False), round=4, cross_validation=True, predict=True, fit_kwargs={}, groups=None, refit=False, verbose=False, system=False, metrics=None, display=<pycaret.internal.Display.Display object at 0x000001E783E2CB08>, kwargs={})
2021-08-07 05:43:43,995:INFO:Checking exceptions
2021-08-07 05:43:43,995:INFO:Importing libraries
2021-08-07 05:43:43,995:INFO:Copying training dataset
2021-08-07 05:43:43,998:INFO:Defining folds
2021-08-07 05:43:43,998:INFO:Declaring metric variables
2021-08-07 05:43:44,005:INFO:Importing untrained model
2021-08-07 05:43:44,012:INFO:Elastic Net Imported succesfully
2021-08-07 05:43:44,027:INFO:Starting cross validation
2021-08-07 05:43:44,028:INFO:Cross validating with KFold(n_splits=10, random_state=None, shuffle=False), n_jobs=-1
2021-08-07 05:43:45,020:INFO:Calculating mean and std
2021-08-07 05:43:45,021:INFO:Creating metrics dataframe
2021-08-07 05:43:45,025:INFO:Uploading results into container
2021-08-07 05:43:45,026:INFO:Uploading model into container now
2021-08-07 05:43:45,026:INFO:create_model_container: 4
2021-08-07 05:43:45,026:INFO:master_model_container: 4
2021-08-07 05:43:45,026:INFO:display_container: 2
2021-08-07 05:43:45,027:INFO:ElasticNet(alpha=1.0, copy_X=True, fit_intercept=True, l1_ratio=0.5,
           max_iter=1000, normalize=False, positive=False, precompute=False,
           random_state=7088, selection='cyclic', tol=0.0001, warm_start=False)
2021-08-07 05:43:45,027:INFO:create_model() succesfully completed......................................
2021-08-07 05:43:45,084:INFO:SubProcess create_model() end ==================================
2021-08-07 05:43:45,085:INFO:Creating metrics dataframe
2021-08-07 05:43:45,101:INFO:Initializing Least Angle Regression
2021-08-07 05:43:45,102:INFO:Total runtime is 0.18644995292027794 minutes
2021-08-07 05:43:45,110:INFO:SubProcess create_model() called ==================================
2021-08-07 05:43:45,111:INFO:Initializing create_model()
2021-08-07 05:43:45,111:INFO:create_model(estimator=lar, fold=KFold(n_splits=10, random_state=None, shuffle=False), round=4, cross_validation=True, predict=True, fit_kwargs={}, groups=None, refit=False, verbose=False, system=False, metrics=None, display=<pycaret.internal.Display.Display object at 0x000001E783E2CB08>, kwargs={})
2021-08-07 05:43:45,111:INFO:Checking exceptions
2021-08-07 05:43:45,111:INFO:Importing libraries
2021-08-07 05:43:45,111:INFO:Copying training dataset
2021-08-07 05:43:45,113:INFO:Defining folds
2021-08-07 05:43:45,114:INFO:Declaring metric variables
2021-08-07 05:43:45,121:INFO:Importing untrained model
2021-08-07 05:43:45,131:INFO:Least Angle Regression Imported succesfully
2021-08-07 05:43:45,148:INFO:Starting cross validation
2021-08-07 05:43:45,149:INFO:Cross validating with KFold(n_splits=10, random_state=None, shuffle=False), n_jobs=-1
2021-08-07 05:43:49,373:WARNING:create_model() for lar raised an exception or returned all 0.0, trying without fit_kwargs:
2021-08-07 05:43:49,381:WARNING:joblib.externals.loky.process_executor._RemoteTraceback: 
"""
Traceback (most recent call last):
  File "C:\Users\suek2\anaconda3\envs\pycaret_new\lib\site-packages\joblib\externals\loky\process_executor.py", line 431, in _process_worker
    r = call_item()
  File "C:\Users\suek2\anaconda3\envs\pycaret_new\lib\site-packages\joblib\externals\loky\process_executor.py", line 285, in __call__
    return self.fn(*self.args, **self.kwargs)
  File "C:\Users\suek2\anaconda3\envs\pycaret_new\lib\site-packages\joblib\_parallel_backends.py", line 595, in __call__
    return self.func(*args, **kwargs)
  File "C:\Users\suek2\anaconda3\envs\pycaret_new\lib\site-packages\joblib\parallel.py", line 263, in __call__
    for func, args, kwargs in self.items]
  File "C:\Users\suek2\anaconda3\envs\pycaret_new\lib\site-packages\joblib\parallel.py", line 263, in <listcomp>
    for func, args, kwargs in self.items]
  File "C:\Users\suek2\anaconda3\envs\pycaret_new\lib\site-packages\sklearn\model_selection\_validation.py", line 560, in _fit_and_score
    test_scores = _score(estimator, X_test, y_test, scorer)
  File "C:\Users\suek2\anaconda3\envs\pycaret_new\lib\site-packages\sklearn\model_selection\_validation.py", line 607, in _score
    scores = scorer(estimator, X_test, y_test)
  File "C:\Users\suek2\anaconda3\envs\pycaret_new\lib\site-packages\sklearn\metrics\_scorer.py", line 88, in __call__
    *args, **kwargs)
  File "C:\Users\suek2\anaconda3\envs\pycaret_new\lib\site-packages\sklearn\metrics\_scorer.py", line 213, in _score
    **self._kwargs)
  File "C:\Users\suek2\anaconda3\envs\pycaret_new\lib\site-packages\sklearn\utils\validation.py", line 72, in inner_f
    return f(**kwargs)
  File "C:\Users\suek2\anaconda3\envs\pycaret_new\lib\site-packages\sklearn\metrics\_regression.py", line 179, in mean_absolute_error
    y_true, y_pred, multioutput)
  File "C:\Users\suek2\anaconda3\envs\pycaret_new\lib\site-packages\sklearn\metrics\_regression.py", line 86, in _check_reg_targets
    y_pred = check_array(y_pred, ensure_2d=False, dtype=dtype)
  File "C:\Users\suek2\anaconda3\envs\pycaret_new\lib\site-packages\sklearn\utils\validation.py", line 72, in inner_f
    return f(**kwargs)
  File "C:\Users\suek2\anaconda3\envs\pycaret_new\lib\site-packages\sklearn\utils\validation.py", line 645, in check_array
    allow_nan=force_all_finite == 'allow-nan')
  File "C:\Users\suek2\anaconda3\envs\pycaret_new\lib\site-packages\sklearn\utils\validation.py", line 99, in _assert_all_finite
    msg_dtype if msg_dtype is not None else X.dtype)
ValueError: Input contains NaN, infinity or a value too large for dtype('float64').
"""

The above exception was the direct cause of the following exception:

Traceback (most recent call last):
  File "C:\Users\suek2\anaconda3\envs\pycaret_new\lib\site-packages\pycaret\internal\tabular.py", line 2176, in compare_models
    refit=False,
  File "C:\Users\suek2\anaconda3\envs\pycaret_new\lib\site-packages\pycaret\internal\tabular.py", line 3125, in create_model_supervised
    error_score=0,
  File "C:\Users\suek2\anaconda3\envs\pycaret_new\lib\site-packages\sklearn\utils\validation.py", line 72, in inner_f
    return f(**kwargs)
  File "C:\Users\suek2\anaconda3\envs\pycaret_new\lib\site-packages\sklearn\model_selection\_validation.py", line 248, in cross_validate
    for train, test in cv.split(X, y, groups))
  File "C:\Users\suek2\anaconda3\envs\pycaret_new\lib\site-packages\joblib\parallel.py", line 1054, in __call__
    self.retrieve()
  File "C:\Users\suek2\anaconda3\envs\pycaret_new\lib\site-packages\joblib\parallel.py", line 933, in retrieve
    self._output.extend(job.get(timeout=self.timeout))
  File "C:\Users\suek2\anaconda3\envs\pycaret_new\lib\site-packages\joblib\_parallel_backends.py", line 542, in wrap_future_result
    return future.result(timeout=timeout)
  File "C:\Users\suek2\anaconda3\envs\pycaret_new\lib\concurrent\futures\_base.py", line 435, in result
    return self.__get_result()
  File "C:\Users\suek2\anaconda3\envs\pycaret_new\lib\concurrent\futures\_base.py", line 384, in __get_result
    raise self._exception
ValueError: Input contains NaN, infinity or a value too large for dtype('float64').

2021-08-07 05:43:49,381:INFO:Initializing create_model()
2021-08-07 05:43:49,381:INFO:create_model(estimator=lar, fold=KFold(n_splits=10, random_state=None, shuffle=False), round=4, cross_validation=True, predict=True, fit_kwargs=None, groups=None, refit=False, verbose=False, system=False, metrics=None, display=<pycaret.internal.Display.Display object at 0x000001E783E2CB08>, kwargs={})
2021-08-07 05:43:49,381:INFO:Checking exceptions
2021-08-07 05:43:49,381:INFO:Importing libraries
2021-08-07 05:43:49,381:INFO:Copying training dataset
2021-08-07 05:43:49,383:INFO:Defining folds
2021-08-07 05:43:49,383:INFO:Declaring metric variables
2021-08-07 05:43:49,391:INFO:Importing untrained model
2021-08-07 05:43:49,401:INFO:Least Angle Regression Imported succesfully
2021-08-07 05:43:49,421:INFO:Starting cross validation
2021-08-07 05:43:49,421:INFO:Cross validating with KFold(n_splits=10, random_state=None, shuffle=False), n_jobs=-1
2021-08-07 05:43:58,670:ERROR:create_model() for lar raised an exception:
2021-08-07 05:43:58,672:ERROR:joblib.externals.loky.process_executor._RemoteTraceback: 
"""
Traceback (most recent call last):
  File "C:\Users\suek2\anaconda3\envs\pycaret_new\lib\site-packages\joblib\externals\loky\process_executor.py", line 431, in _process_worker
    r = call_item()
  File "C:\Users\suek2\anaconda3\envs\pycaret_new\lib\site-packages\joblib\externals\loky\process_executor.py", line 285, in __call__
    return self.fn(*self.args, **self.kwargs)
  File "C:\Users\suek2\anaconda3\envs\pycaret_new\lib\site-packages\joblib\_parallel_backends.py", line 595, in __call__
    return self.func(*args, **kwargs)
  File "C:\Users\suek2\anaconda3\envs\pycaret_new\lib\site-packages\joblib\parallel.py", line 263, in __call__
    for func, args, kwargs in self.items]
  File "C:\Users\suek2\anaconda3\envs\pycaret_new\lib\site-packages\joblib\parallel.py", line 263, in <listcomp>
    for func, args, kwargs in self.items]
  File "C:\Users\suek2\anaconda3\envs\pycaret_new\lib\site-packages\sklearn\model_selection\_validation.py", line 560, in _fit_and_score
    test_scores = _score(estimator, X_test, y_test, scorer)
  File "C:\Users\suek2\anaconda3\envs\pycaret_new\lib\site-packages\sklearn\model_selection\_validation.py", line 607, in _score
    scores = scorer(estimator, X_test, y_test)
  File "C:\Users\suek2\anaconda3\envs\pycaret_new\lib\site-packages\sklearn\metrics\_scorer.py", line 88, in __call__
    *args, **kwargs)
  File "C:\Users\suek2\anaconda3\envs\pycaret_new\lib\site-packages\sklearn\metrics\_scorer.py", line 213, in _score
    **self._kwargs)
  File "C:\Users\suek2\anaconda3\envs\pycaret_new\lib\site-packages\sklearn\utils\validation.py", line 72, in inner_f
    return f(**kwargs)
  File "C:\Users\suek2\anaconda3\envs\pycaret_new\lib\site-packages\sklearn\metrics\_regression.py", line 179, in mean_absolute_error
    y_true, y_pred, multioutput)
  File "C:\Users\suek2\anaconda3\envs\pycaret_new\lib\site-packages\sklearn\metrics\_regression.py", line 86, in _check_reg_targets
    y_pred = check_array(y_pred, ensure_2d=False, dtype=dtype)
  File "C:\Users\suek2\anaconda3\envs\pycaret_new\lib\site-packages\sklearn\utils\validation.py", line 72, in inner_f
    return f(**kwargs)
  File "C:\Users\suek2\anaconda3\envs\pycaret_new\lib\site-packages\sklearn\utils\validation.py", line 645, in check_array
    allow_nan=force_all_finite == 'allow-nan')
  File "C:\Users\suek2\anaconda3\envs\pycaret_new\lib\site-packages\sklearn\utils\validation.py", line 99, in _assert_all_finite
    msg_dtype if msg_dtype is not None else X.dtype)
ValueError: Input contains NaN, infinity or a value too large for dtype('float64').
"""

The above exception was the direct cause of the following exception:

Traceback (most recent call last):
  File "C:\Users\suek2\anaconda3\envs\pycaret_new\lib\site-packages\pycaret\internal\tabular.py", line 2195, in compare_models
    refit=False,
  File "C:\Users\suek2\anaconda3\envs\pycaret_new\lib\site-packages\pycaret\internal\tabular.py", line 3125, in create_model_supervised
    error_score=0,
  File "C:\Users\suek2\anaconda3\envs\pycaret_new\lib\site-packages\sklearn\utils\validation.py", line 72, in inner_f
    return f(**kwargs)
  File "C:\Users\suek2\anaconda3\envs\pycaret_new\lib\site-packages\sklearn\model_selection\_validation.py", line 248, in cross_validate
    for train, test in cv.split(X, y, groups))
  File "C:\Users\suek2\anaconda3\envs\pycaret_new\lib\site-packages\joblib\parallel.py", line 1054, in __call__
    self.retrieve()
  File "C:\Users\suek2\anaconda3\envs\pycaret_new\lib\site-packages\joblib\parallel.py", line 933, in retrieve
    self._output.extend(job.get(timeout=self.timeout))
  File "C:\Users\suek2\anaconda3\envs\pycaret_new\lib\site-packages\joblib\_parallel_backends.py", line 542, in wrap_future_result
    return future.result(timeout=timeout)
  File "C:\Users\suek2\anaconda3\envs\pycaret_new\lib\concurrent\futures\_base.py", line 428, in result
    return self.__get_result()
  File "C:\Users\suek2\anaconda3\envs\pycaret_new\lib\concurrent\futures\_base.py", line 384, in __get_result
    raise self._exception
ValueError: Input contains NaN, infinity or a value too large for dtype('float64').

2021-08-07 05:43:58,672:INFO:Initializing Lasso Least Angle Regression
2021-08-07 05:43:58,672:INFO:Total runtime is 0.4126166224479676 minutes
2021-08-07 05:43:58,679:INFO:SubProcess create_model() called ==================================
2021-08-07 05:43:58,679:INFO:Initializing create_model()
2021-08-07 05:43:58,679:INFO:create_model(estimator=llar, fold=KFold(n_splits=10, random_state=None, shuffle=False), round=4, cross_validation=True, predict=True, fit_kwargs={}, groups=None, refit=False, verbose=False, system=False, metrics=None, display=<pycaret.internal.Display.Display object at 0x000001E783E2CB08>, kwargs={})
2021-08-07 05:43:58,679:INFO:Checking exceptions
2021-08-07 05:43:58,679:INFO:Importing libraries
2021-08-07 05:43:58,679:INFO:Copying training dataset
2021-08-07 05:43:58,681:INFO:Defining folds
2021-08-07 05:43:58,681:INFO:Declaring metric variables
2021-08-07 05:43:58,688:INFO:Importing untrained model
2021-08-07 05:43:58,697:INFO:Lasso Least Angle Regression Imported succesfully
2021-08-07 05:43:58,713:INFO:Starting cross validation
2021-08-07 05:43:58,714:INFO:Cross validating with KFold(n_splits=10, random_state=None, shuffle=False), n_jobs=-1
2021-08-07 05:44:04,879:INFO:Calculating mean and std
2021-08-07 05:44:04,880:INFO:Creating metrics dataframe
2021-08-07 05:44:04,886:INFO:Uploading results into container
2021-08-07 05:44:04,886:INFO:Uploading model into container now
2021-08-07 05:44:04,886:INFO:create_model_container: 5
2021-08-07 05:44:04,886:INFO:master_model_container: 5
2021-08-07 05:44:04,886:INFO:display_container: 2
2021-08-07 05:44:04,887:INFO:LassoLars(alpha=1.0, copy_X=True, eps=2.220446049250313e-16, fit_intercept=True,
          fit_path=True, jitter=None, max_iter=500, normalize=True,
          positive=False, precompute='auto', random_state=7088, verbose=False)
2021-08-07 05:44:04,887:INFO:create_model() succesfully completed......................................
2021-08-07 05:44:04,945:INFO:SubProcess create_model() end ==================================
2021-08-07 05:44:04,945:INFO:Creating metrics dataframe
2021-08-07 05:44:04,961:INFO:Initializing Orthogonal Matching Pursuit
2021-08-07 05:44:04,962:INFO:Total runtime is 0.5174506068229676 minutes
2021-08-07 05:44:04,969:INFO:SubProcess create_model() called ==================================
2021-08-07 05:44:04,970:INFO:Initializing create_model()
2021-08-07 05:44:04,970:INFO:create_model(estimator=omp, fold=KFold(n_splits=10, random_state=None, shuffle=False), round=4, cross_validation=True, predict=True, fit_kwargs={}, groups=None, refit=False, verbose=False, system=False, metrics=None, display=<pycaret.internal.Display.Display object at 0x000001E783E2CB08>, kwargs={})
2021-08-07 05:44:04,970:INFO:Checking exceptions
2021-08-07 05:44:04,970:INFO:Importing libraries
2021-08-07 05:44:04,970:INFO:Copying training dataset
2021-08-07 05:44:04,972:INFO:Defining folds
2021-08-07 05:44:04,972:INFO:Declaring metric variables
2021-08-07 05:44:04,979:INFO:Importing untrained model
2021-08-07 05:44:04,987:INFO:Orthogonal Matching Pursuit Imported succesfully
2021-08-07 05:44:05,009:INFO:Starting cross validation
2021-08-07 05:44:05,009:INFO:Cross validating with KFold(n_splits=10, random_state=None, shuffle=False), n_jobs=-1
2021-08-07 05:44:07,992:INFO:Calculating mean and std
2021-08-07 05:44:07,993:INFO:Creating metrics dataframe
2021-08-07 05:44:07,997:INFO:Uploading results into container
2021-08-07 05:44:07,997:INFO:Uploading model into container now
2021-08-07 05:44:07,997:INFO:create_model_container: 6
2021-08-07 05:44:07,997:INFO:master_model_container: 6
2021-08-07 05:44:07,997:INFO:display_container: 2
2021-08-07 05:44:07,997:INFO:OrthogonalMatchingPursuit(fit_intercept=True, n_nonzero_coefs=None,
                          normalize=True, precompute='auto', tol=None)
2021-08-07 05:44:07,997:INFO:create_model() succesfully completed......................................
2021-08-07 05:44:08,047:INFO:SubProcess create_model() end ==================================
2021-08-07 05:44:08,047:INFO:Creating metrics dataframe
2021-08-07 05:44:08,065:INFO:Initializing Bayesian Ridge
2021-08-07 05:44:08,065:INFO:Total runtime is 0.569166648387909 minutes
2021-08-07 05:44:08,073:INFO:SubProcess create_model() called ==================================
2021-08-07 05:44:08,073:INFO:Initializing create_model()
2021-08-07 05:44:08,073:INFO:create_model(estimator=br, fold=KFold(n_splits=10, random_state=None, shuffle=False), round=4, cross_validation=True, predict=True, fit_kwargs={}, groups=None, refit=False, verbose=False, system=False, metrics=None, display=<pycaret.internal.Display.Display object at 0x000001E783E2CB08>, kwargs={})
2021-08-07 05:44:08,074:INFO:Checking exceptions
2021-08-07 05:44:08,074:INFO:Importing libraries
2021-08-07 05:44:08,074:INFO:Copying training dataset
2021-08-07 05:44:08,075:INFO:Defining folds
2021-08-07 05:44:08,075:INFO:Declaring metric variables
2021-08-07 05:44:08,084:INFO:Importing untrained model
2021-08-07 05:44:08,093:INFO:Bayesian Ridge Imported succesfully
2021-08-07 05:44:08,112:INFO:Starting cross validation
2021-08-07 05:44:08,113:INFO:Cross validating with KFold(n_splits=10, random_state=None, shuffle=False), n_jobs=-1
2021-08-07 05:44:09,247:INFO:Calculating mean and std
2021-08-07 05:44:09,248:INFO:Creating metrics dataframe
2021-08-07 05:44:09,252:INFO:Uploading results into container
2021-08-07 05:44:09,252:INFO:Uploading model into container now
2021-08-07 05:44:09,253:INFO:create_model_container: 7
2021-08-07 05:44:09,253:INFO:master_model_container: 7
2021-08-07 05:44:09,253:INFO:display_container: 2
2021-08-07 05:44:09,253:INFO:BayesianRidge(alpha_1=1e-06, alpha_2=1e-06, alpha_init=None,
              compute_score=False, copy_X=True, fit_intercept=True,
              lambda_1=1e-06, lambda_2=1e-06, lambda_init=None, n_iter=300,
              normalize=False, tol=0.001, verbose=False)
2021-08-07 05:44:09,254:INFO:create_model() succesfully completed......................................
2021-08-07 05:44:09,311:INFO:SubProcess create_model() end ==================================
2021-08-07 05:44:09,311:INFO:Creating metrics dataframe
2021-08-07 05:44:09,328:INFO:Initializing Passive Aggressive Regressor
2021-08-07 05:44:09,328:INFO:Total runtime is 0.5902166684468587 minutes
2021-08-07 05:44:09,336:INFO:SubProcess create_model() called ==================================
2021-08-07 05:44:09,337:INFO:Initializing create_model()
2021-08-07 05:44:09,337:INFO:create_model(estimator=par, fold=KFold(n_splits=10, random_state=None, shuffle=False), round=4, cross_validation=True, predict=True, fit_kwargs={}, groups=None, refit=False, verbose=False, system=False, metrics=None, display=<pycaret.internal.Display.Display object at 0x000001E783E2CB08>, kwargs={})
2021-08-07 05:44:09,337:INFO:Checking exceptions
2021-08-07 05:44:09,337:INFO:Importing libraries
2021-08-07 05:44:09,337:INFO:Copying training dataset
2021-08-07 05:44:09,338:INFO:Defining folds
2021-08-07 05:44:09,339:INFO:Declaring metric variables
2021-08-07 05:44:09,346:INFO:Importing untrained model
2021-08-07 05:44:09,355:INFO:Passive Aggressive Regressor Imported succesfully
2021-08-07 05:44:09,373:INFO:Starting cross validation
2021-08-07 05:44:09,373:INFO:Cross validating with KFold(n_splits=10, random_state=None, shuffle=False), n_jobs=-1
2021-08-07 05:44:09,656:INFO:Calculating mean and std
2021-08-07 05:44:09,657:INFO:Creating metrics dataframe
2021-08-07 05:44:09,662:INFO:Uploading results into container
2021-08-07 05:44:09,662:INFO:Uploading model into container now
2021-08-07 05:44:09,662:INFO:create_model_container: 8
2021-08-07 05:44:09,662:INFO:master_model_container: 8
2021-08-07 05:44:09,662:INFO:display_container: 2
2021-08-07 05:44:09,663:INFO:PassiveAggressiveRegressor(C=1.0, average=False, early_stopping=False,
                           epsilon=0.1, fit_intercept=True,
                           loss='epsilon_insensitive', max_iter=1000,
                           n_iter_no_change=5, random_state=7088, shuffle=True,
                           tol=0.001, validation_fraction=0.1, verbose=0,
                           warm_start=False)
2021-08-07 05:44:09,663:INFO:create_model() succesfully completed......................................
2021-08-07 05:44:09,720:INFO:SubProcess create_model() end ==================================
2021-08-07 05:44:09,720:INFO:Creating metrics dataframe
2021-08-07 05:44:09,736:INFO:Initializing Huber Regressor
2021-08-07 05:44:09,737:INFO:Total runtime is 0.5970333218574524 minutes
2021-08-07 05:44:09,744:INFO:SubProcess create_model() called ==================================
2021-08-07 05:44:09,744:INFO:Initializing create_model()
2021-08-07 05:44:09,744:INFO:create_model(estimator=huber, fold=KFold(n_splits=10, random_state=None, shuffle=False), round=4, cross_validation=True, predict=True, fit_kwargs={}, groups=None, refit=False, verbose=False, system=False, metrics=None, display=<pycaret.internal.Display.Display object at 0x000001E783E2CB08>, kwargs={})
2021-08-07 05:44:09,744:INFO:Checking exceptions
2021-08-07 05:44:09,745:INFO:Importing libraries
2021-08-07 05:44:09,745:INFO:Copying training dataset
2021-08-07 05:44:09,747:INFO:Defining folds
2021-08-07 05:44:09,747:INFO:Declaring metric variables
2021-08-07 05:44:09,755:INFO:Importing untrained model
2021-08-07 05:44:09,764:INFO:Huber Regressor Imported succesfully
2021-08-07 05:44:09,781:INFO:Starting cross validation
2021-08-07 05:44:09,782:INFO:Cross validating with KFold(n_splits=10, random_state=None, shuffle=False), n_jobs=-1
2021-08-07 05:44:14,133:INFO:Calculating mean and std
2021-08-07 05:44:14,134:INFO:Creating metrics dataframe
2021-08-07 05:44:14,137:INFO:Uploading results into container
2021-08-07 05:44:14,137:INFO:Uploading model into container now
2021-08-07 05:44:14,137:INFO:create_model_container: 9
2021-08-07 05:44:14,137:INFO:master_model_container: 9
2021-08-07 05:44:14,138:INFO:display_container: 2
2021-08-07 05:44:14,138:INFO:HuberRegressor(alpha=0.0001, epsilon=1.35, fit_intercept=True, max_iter=100,
               tol=1e-05, warm_start=False)
2021-08-07 05:44:14,138:INFO:create_model() succesfully completed......................................
2021-08-07 05:44:14,189:INFO:SubProcess create_model() end ==================================
2021-08-07 05:44:14,189:INFO:Creating metrics dataframe
2021-08-07 05:44:14,206:INFO:Initializing K Neighbors Regressor
2021-08-07 05:44:14,207:INFO:Total runtime is 0.6715339223543803 minutes
2021-08-07 05:44:14,215:INFO:SubProcess create_model() called ==================================
2021-08-07 05:44:14,215:INFO:Initializing create_model()
2021-08-07 05:44:14,215:INFO:create_model(estimator=knn, fold=KFold(n_splits=10, random_state=None, shuffle=False), round=4, cross_validation=True, predict=True, fit_kwargs={}, groups=None, refit=False, verbose=False, system=False, metrics=None, display=<pycaret.internal.Display.Display object at 0x000001E783E2CB08>, kwargs={})
2021-08-07 05:44:14,215:INFO:Checking exceptions
2021-08-07 05:44:14,215:INFO:Importing libraries
2021-08-07 05:44:14,215:INFO:Copying training dataset
2021-08-07 05:44:14,217:INFO:Defining folds
2021-08-07 05:44:14,217:INFO:Declaring metric variables
2021-08-07 05:44:14,224:INFO:Importing untrained model
2021-08-07 05:44:14,234:INFO:K Neighbors Regressor Imported succesfully
2021-08-07 05:44:14,250:INFO:Starting cross validation
2021-08-07 05:44:14,251:INFO:Cross validating with KFold(n_splits=10, random_state=None, shuffle=False), n_jobs=-1
2021-08-07 05:44:14,627:INFO:Calculating mean and std
2021-08-07 05:44:14,630:INFO:Creating metrics dataframe
2021-08-07 05:44:14,644:INFO:Uploading results into container
2021-08-07 05:44:14,644:INFO:Uploading model into container now
2021-08-07 05:44:14,645:INFO:create_model_container: 10
2021-08-07 05:44:14,645:INFO:master_model_container: 10
2021-08-07 05:44:14,645:INFO:display_container: 2
2021-08-07 05:44:14,647:INFO:KNeighborsRegressor(algorithm='auto', leaf_size=30, metric='minkowski',
                    metric_params=None, n_jobs=-1, n_neighbors=5, p=2,
                    weights='uniform')
2021-08-07 05:44:14,648:INFO:create_model() succesfully completed......................................
2021-08-07 05:44:14,717:INFO:SubProcess create_model() end ==================================
2021-08-07 05:44:14,717:INFO:Creating metrics dataframe
2021-08-07 05:44:14,735:INFO:Initializing Decision Tree Regressor
2021-08-07 05:44:14,735:INFO:Total runtime is 0.6803333044052123 minutes
2021-08-07 05:44:14,742:INFO:SubProcess create_model() called ==================================
2021-08-07 05:44:14,743:INFO:Initializing create_model()
2021-08-07 05:44:14,743:INFO:create_model(estimator=dt, fold=KFold(n_splits=10, random_state=None, shuffle=False), round=4, cross_validation=True, predict=True, fit_kwargs={}, groups=None, refit=False, verbose=False, system=False, metrics=None, display=<pycaret.internal.Display.Display object at 0x000001E783E2CB08>, kwargs={})
2021-08-07 05:44:14,743:INFO:Checking exceptions
2021-08-07 05:44:14,743:INFO:Importing libraries
2021-08-07 05:44:14,744:INFO:Copying training dataset
2021-08-07 05:44:14,745:INFO:Defining folds
2021-08-07 05:44:14,745:INFO:Declaring metric variables
2021-08-07 05:44:14,754:INFO:Importing untrained model
2021-08-07 05:44:14,763:INFO:Decision Tree Regressor Imported succesfully
2021-08-07 05:44:14,780:INFO:Starting cross validation
2021-08-07 05:44:14,781:INFO:Cross validating with KFold(n_splits=10, random_state=None, shuffle=False), n_jobs=-1
2021-08-07 05:44:15,032:INFO:Calculating mean and std
2021-08-07 05:44:15,033:INFO:Creating metrics dataframe
2021-08-07 05:44:15,038:INFO:Uploading results into container
2021-08-07 05:44:15,038:INFO:Uploading model into container now
2021-08-07 05:44:15,038:INFO:create_model_container: 11
2021-08-07 05:44:15,038:INFO:master_model_container: 11
2021-08-07 05:44:15,038:INFO:display_container: 2
2021-08-07 05:44:15,039:INFO:DecisionTreeRegressor(ccp_alpha=0.0, criterion='mse', max_depth=None,
                      max_features=None, max_leaf_nodes=None,
                      min_impurity_decrease=0.0, min_impurity_split=None,
                      min_samples_leaf=1, min_samples_split=2,
                      min_weight_fraction_leaf=0.0, presort='deprecated',
                      random_state=7088, splitter='best')
2021-08-07 05:44:15,039:INFO:create_model() succesfully completed......................................
2021-08-07 05:44:15,095:INFO:SubProcess create_model() end ==================================
2021-08-07 05:44:15,095:INFO:Creating metrics dataframe
2021-08-07 05:44:15,113:INFO:Initializing Random Forest Regressor
2021-08-07 05:44:15,113:INFO:Total runtime is 0.6866341233253478 minutes
2021-08-07 05:44:15,120:INFO:SubProcess create_model() called ==================================
2021-08-07 05:44:15,120:INFO:Initializing create_model()
2021-08-07 05:44:15,120:INFO:create_model(estimator=rf, fold=KFold(n_splits=10, random_state=None, shuffle=False), round=4, cross_validation=True, predict=True, fit_kwargs={}, groups=None, refit=False, verbose=False, system=False, metrics=None, display=<pycaret.internal.Display.Display object at 0x000001E783E2CB08>, kwargs={})
2021-08-07 05:44:15,120:INFO:Checking exceptions
2021-08-07 05:44:15,121:INFO:Importing libraries
2021-08-07 05:44:15,121:INFO:Copying training dataset
2021-08-07 05:44:15,122:INFO:Defining folds
2021-08-07 05:44:15,122:INFO:Declaring metric variables
2021-08-07 05:44:15,132:INFO:Importing untrained model
2021-08-07 05:44:15,139:INFO:Random Forest Regressor Imported succesfully
2021-08-07 05:44:15,156:INFO:Starting cross validation
2021-08-07 05:44:15,157:INFO:Cross validating with KFold(n_splits=10, random_state=None, shuffle=False), n_jobs=-1
2021-08-07 05:44:19,024:INFO:Calculating mean and std
2021-08-07 05:44:19,025:INFO:Creating metrics dataframe
2021-08-07 05:44:19,028:INFO:Uploading results into container
2021-08-07 05:44:19,029:INFO:Uploading model into container now
2021-08-07 05:44:19,029:INFO:create_model_container: 12
2021-08-07 05:44:19,029:INFO:master_model_container: 12
2021-08-07 05:44:19,029:INFO:display_container: 2
2021-08-07 05:44:19,029:INFO:RandomForestRegressor(bootstrap=True, ccp_alpha=0.0, criterion='mse',
                      max_depth=None, max_features='auto', max_leaf_nodes=None,
                      max_samples=None, min_impurity_decrease=0.0,
                      min_impurity_split=None, min_samples_leaf=1,
                      min_samples_split=2, min_weight_fraction_leaf=0.0,
                      n_estimators=100, n_jobs=-1, oob_score=False,
                      random_state=7088, verbose=0, warm_start=False)
2021-08-07 05:44:19,030:INFO:create_model() succesfully completed......................................
2021-08-07 05:44:19,085:INFO:SubProcess create_model() end ==================================
2021-08-07 05:44:19,085:INFO:Creating metrics dataframe
2021-08-07 05:44:19,101:INFO:Initializing Extra Trees Regressor
2021-08-07 05:44:19,101:INFO:Total runtime is 0.7530909538269042 minutes
2021-08-07 05:44:19,111:INFO:SubProcess create_model() called ==================================
2021-08-07 05:44:19,111:INFO:Initializing create_model()
2021-08-07 05:44:19,112:INFO:create_model(estimator=et, fold=KFold(n_splits=10, random_state=None, shuffle=False), round=4, cross_validation=True, predict=True, fit_kwargs={}, groups=None, refit=False, verbose=False, system=False, metrics=None, display=<pycaret.internal.Display.Display object at 0x000001E783E2CB08>, kwargs={})
2021-08-07 05:44:19,112:INFO:Checking exceptions
2021-08-07 05:44:19,112:INFO:Importing libraries
2021-08-07 05:44:19,112:INFO:Copying training dataset
2021-08-07 05:44:19,113:INFO:Defining folds
2021-08-07 05:44:19,114:INFO:Declaring metric variables
2021-08-07 05:44:19,121:INFO:Importing untrained model
2021-08-07 05:44:19,130:INFO:Extra Trees Regressor Imported succesfully
2021-08-07 05:44:19,151:INFO:Starting cross validation
2021-08-07 05:44:19,152:INFO:Cross validating with KFold(n_splits=10, random_state=None, shuffle=False), n_jobs=-1
2021-08-07 05:44:23,627:INFO:Calculating mean and std
2021-08-07 05:44:23,628:INFO:Creating metrics dataframe
2021-08-07 05:44:23,631:INFO:Uploading results into container
2021-08-07 05:44:23,632:INFO:Uploading model into container now
2021-08-07 05:44:23,632:INFO:create_model_container: 13
2021-08-07 05:44:23,632:INFO:master_model_container: 13
2021-08-07 05:44:23,632:INFO:display_container: 2
2021-08-07 05:44:23,632:INFO:ExtraTreesRegressor(bootstrap=False, ccp_alpha=0.0, criterion='mse',
                    max_depth=None, max_features='auto', max_leaf_nodes=None,
                    max_samples=None, min_impurity_decrease=0.0,
                    min_impurity_split=None, min_samples_leaf=1,
                    min_samples_split=2, min_weight_fraction_leaf=0.0,
                    n_estimators=100, n_jobs=-1, oob_score=False,
                    random_state=7088, verbose=0, warm_start=False)
2021-08-07 05:44:23,632:INFO:create_model() succesfully completed......................................
2021-08-07 05:44:23,685:INFO:SubProcess create_model() end ==================================
2021-08-07 05:44:23,685:INFO:Creating metrics dataframe
2021-08-07 05:44:23,701:INFO:Initializing AdaBoost Regressor
2021-08-07 05:44:23,701:INFO:Total runtime is 0.8297576189041136 minutes
2021-08-07 05:44:23,711:INFO:SubProcess create_model() called ==================================
2021-08-07 05:44:23,712:INFO:Initializing create_model()
2021-08-07 05:44:23,712:INFO:create_model(estimator=ada, fold=KFold(n_splits=10, random_state=None, shuffle=False), round=4, cross_validation=True, predict=True, fit_kwargs={}, groups=None, refit=False, verbose=False, system=False, metrics=None, display=<pycaret.internal.Display.Display object at 0x000001E783E2CB08>, kwargs={})
2021-08-07 05:44:23,712:INFO:Checking exceptions
2021-08-07 05:44:23,712:INFO:Importing libraries
2021-08-07 05:44:23,712:INFO:Copying training dataset
2021-08-07 05:44:23,714:INFO:Defining folds
2021-08-07 05:44:23,714:INFO:Declaring metric variables
2021-08-07 05:44:23,723:INFO:Importing untrained model
2021-08-07 05:44:23,731:INFO:AdaBoost Regressor Imported succesfully
2021-08-07 05:44:23,752:INFO:Starting cross validation
2021-08-07 05:44:23,752:INFO:Cross validating with KFold(n_splits=10, random_state=None, shuffle=False), n_jobs=-1
2021-08-07 05:44:25,112:INFO:Calculating mean and std
2021-08-07 05:44:25,113:INFO:Creating metrics dataframe
2021-08-07 05:44:25,119:INFO:Uploading results into container
2021-08-07 05:44:25,119:INFO:Uploading model into container now
2021-08-07 05:44:25,119:INFO:create_model_container: 14
2021-08-07 05:44:25,119:INFO:master_model_container: 14
2021-08-07 05:44:25,119:INFO:display_container: 2
2021-08-07 05:44:25,120:INFO:AdaBoostRegressor(base_estimator=None, learning_rate=1.0, loss='linear',
                  n_estimators=50, random_state=7088)
2021-08-07 05:44:25,120:INFO:create_model() succesfully completed......................................
2021-08-07 05:44:25,179:INFO:SubProcess create_model() end ==================================
2021-08-07 05:44:25,179:INFO:Creating metrics dataframe
2021-08-07 05:44:25,199:INFO:Initializing Gradient Boosting Regressor
2021-08-07 05:44:25,199:INFO:Total runtime is 0.8547248045603433 minutes
2021-08-07 05:44:25,207:INFO:SubProcess create_model() called ==================================
2021-08-07 05:44:25,207:INFO:Initializing create_model()
2021-08-07 05:44:25,207:INFO:create_model(estimator=gbr, fold=KFold(n_splits=10, random_state=None, shuffle=False), round=4, cross_validation=True, predict=True, fit_kwargs={}, groups=None, refit=False, verbose=False, system=False, metrics=None, display=<pycaret.internal.Display.Display object at 0x000001E783E2CB08>, kwargs={})
2021-08-07 05:44:25,207:INFO:Checking exceptions
2021-08-07 05:44:25,207:INFO:Importing libraries
2021-08-07 05:44:25,208:INFO:Copying training dataset
2021-08-07 05:44:25,210:INFO:Defining folds
2021-08-07 05:44:25,210:INFO:Declaring metric variables
2021-08-07 05:44:25,218:INFO:Importing untrained model
2021-08-07 05:44:25,227:INFO:Gradient Boosting Regressor Imported succesfully
2021-08-07 05:44:25,244:INFO:Starting cross validation
2021-08-07 05:44:25,245:INFO:Cross validating with KFold(n_splits=10, random_state=None, shuffle=False), n_jobs=-1
2021-08-07 05:44:26,731:INFO:Calculating mean and std
2021-08-07 05:44:26,733:INFO:Creating metrics dataframe
2021-08-07 05:44:26,738:INFO:Uploading results into container
2021-08-07 05:44:26,738:INFO:Uploading model into container now
2021-08-07 05:44:26,738:INFO:create_model_container: 15
2021-08-07 05:44:26,738:INFO:master_model_container: 15
2021-08-07 05:44:26,739:INFO:display_container: 2
2021-08-07 05:44:26,739:INFO:GradientBoostingRegressor(alpha=0.9, ccp_alpha=0.0, criterion='friedman_mse',
                          init=None, learning_rate=0.1, loss='ls', max_depth=3,
                          max_features=None, max_leaf_nodes=None,
                          min_impurity_decrease=0.0, min_impurity_split=None,
                          min_samples_leaf=1, min_samples_split=2,
                          min_weight_fraction_leaf=0.0, n_estimators=100,
                          n_iter_no_change=None, presort='deprecated',
                          random_state=7088, subsample=1.0, tol=0.0001,
                          validation_fraction=0.1, verbose=0, warm_start=False)
2021-08-07 05:44:26,739:INFO:create_model() succesfully completed......................................
2021-08-07 05:44:26,798:INFO:SubProcess create_model() end ==================================
2021-08-07 05:44:26,798:INFO:Creating metrics dataframe
2021-08-07 05:44:26,816:INFO:Initializing Extreme Gradient Boosting
2021-08-07 05:44:26,817:INFO:Total runtime is 0.8816915551821389 minutes
2021-08-07 05:44:26,824:INFO:SubProcess create_model() called ==================================
2021-08-07 05:44:26,824:INFO:Initializing create_model()
2021-08-07 05:44:26,824:INFO:create_model(estimator=xgboost, fold=KFold(n_splits=10, random_state=None, shuffle=False), round=4, cross_validation=True, predict=True, fit_kwargs={}, groups=None, refit=False, verbose=False, system=False, metrics=None, display=<pycaret.internal.Display.Display object at 0x000001E783E2CB08>, kwargs={})
2021-08-07 05:44:26,824:INFO:Checking exceptions
2021-08-07 05:44:26,824:INFO:Importing libraries
2021-08-07 05:44:26,825:INFO:Copying training dataset
2021-08-07 05:44:26,826:INFO:Defining folds
2021-08-07 05:44:26,826:INFO:Declaring metric variables
2021-08-07 05:44:26,833:INFO:Importing untrained model
2021-08-07 05:44:26,842:INFO:Extreme Gradient Boosting Imported succesfully
2021-08-07 05:44:26,861:INFO:Starting cross validation
2021-08-07 05:44:26,864:INFO:Cross validating with KFold(n_splits=10, random_state=None, shuffle=False), n_jobs=-1
2021-08-07 05:44:34,594:INFO:Calculating mean and std
2021-08-07 05:44:34,595:INFO:Creating metrics dataframe
2021-08-07 05:44:34,599:INFO:Uploading results into container
2021-08-07 05:44:34,599:INFO:Uploading model into container now
2021-08-07 05:44:34,599:INFO:create_model_container: 16
2021-08-07 05:44:34,599:INFO:master_model_container: 16
2021-08-07 05:44:34,599:INFO:display_container: 2
2021-08-07 05:44:34,600:INFO:XGBRegressor(base_score=None, booster='gbtree', colsample_bylevel=None,
             colsample_bynode=None, colsample_bytree=None, gamma=None,
             gpu_id=None, importance_type='gain', interaction_constraints=None,
             learning_rate=None, max_delta_step=None, max_depth=None,
             min_child_weight=None, missing=nan, monotone_constraints=None,
             n_estimators=100, n_jobs=-1, num_parallel_tree=None,
             objective='reg:squarederror', random_state=7088, reg_alpha=None,
             reg_lambda=None, scale_pos_weight=None, subsample=None,
             tree_method='auto', validate_parameters=None, verbosity=0)
2021-08-07 05:44:34,600:INFO:create_model() succesfully completed......................................
2021-08-07 05:44:34,654:INFO:SubProcess create_model() end ==================================
2021-08-07 05:44:34,654:INFO:Creating metrics dataframe
2021-08-07 05:44:34,670:INFO:Initializing Light Gradient Boosting Machine
2021-08-07 05:44:34,670:INFO:Total runtime is 1.0125856955846149 minutes
2021-08-07 05:44:34,677:INFO:SubProcess create_model() called ==================================
2021-08-07 05:44:34,678:INFO:Initializing create_model()
2021-08-07 05:44:34,678:INFO:create_model(estimator=lightgbm, fold=KFold(n_splits=10, random_state=None, shuffle=False), round=4, cross_validation=True, predict=True, fit_kwargs={}, groups=None, refit=False, verbose=False, system=False, metrics=None, display=<pycaret.internal.Display.Display object at 0x000001E783E2CB08>, kwargs={})
2021-08-07 05:44:34,678:INFO:Checking exceptions
2021-08-07 05:44:34,678:INFO:Importing libraries
2021-08-07 05:44:34,678:INFO:Copying training dataset
2021-08-07 05:44:34,680:INFO:Defining folds
2021-08-07 05:44:34,680:INFO:Declaring metric variables
2021-08-07 05:44:34,687:INFO:Importing untrained model
2021-08-07 05:44:34,694:INFO:Light Gradient Boosting Machine Imported succesfully
2021-08-07 05:44:34,716:INFO:Starting cross validation
2021-08-07 05:44:34,717:INFO:Cross validating with KFold(n_splits=10, random_state=None, shuffle=False), n_jobs=-1
2021-08-07 05:44:36,100:INFO:Calculating mean and std
2021-08-07 05:44:36,101:INFO:Creating metrics dataframe
2021-08-07 05:44:36,104:INFO:Uploading results into container
2021-08-07 05:44:36,104:INFO:Uploading model into container now
2021-08-07 05:44:36,105:INFO:create_model_container: 17
2021-08-07 05:44:36,105:INFO:master_model_container: 17
2021-08-07 05:44:36,105:INFO:display_container: 2
2021-08-07 05:44:36,105:INFO:LGBMRegressor(boosting_type='gbdt', class_weight=None, colsample_bytree=1.0,
              importance_type='split', learning_rate=0.1, max_depth=-1,
              min_child_samples=20, min_child_weight=0.001, min_split_gain=0.0,
              n_estimators=100, n_jobs=-1, num_leaves=31, objective=None,
              random_state=7088, reg_alpha=0.0, reg_lambda=0.0, silent=True,
              subsample=1.0, subsample_for_bin=200000, subsample_freq=0)
2021-08-07 05:44:36,105:INFO:create_model() succesfully completed......................................
2021-08-07 05:44:36,158:INFO:SubProcess create_model() end ==================================
2021-08-07 05:44:36,159:INFO:Creating metrics dataframe
2021-08-07 05:44:36,177:INFO:Initializing CatBoost Regressor
2021-08-07 05:44:36,177:INFO:Total runtime is 1.0377017219861346 minutes
2021-08-07 05:44:36,185:INFO:SubProcess create_model() called ==================================
2021-08-07 05:44:36,185:INFO:Initializing create_model()
2021-08-07 05:44:36,185:INFO:create_model(estimator=catboost, fold=KFold(n_splits=10, random_state=None, shuffle=False), round=4, cross_validation=True, predict=True, fit_kwargs={}, groups=None, refit=False, verbose=False, system=False, metrics=None, display=<pycaret.internal.Display.Display object at 0x000001E783E2CB08>, kwargs={})
2021-08-07 05:44:36,186:INFO:Checking exceptions
2021-08-07 05:44:36,186:INFO:Importing libraries
2021-08-07 05:44:36,186:INFO:Copying training dataset
2021-08-07 05:44:36,187:INFO:Defining folds
2021-08-07 05:44:36,187:INFO:Declaring metric variables
2021-08-07 05:44:36,194:INFO:Importing untrained model
2021-08-07 05:44:36,203:INFO:CatBoost Regressor Imported succesfully
2021-08-07 05:44:36,221:INFO:Starting cross validation
2021-08-07 05:44:36,222:INFO:Cross validating with KFold(n_splits=10, random_state=None, shuffle=False), n_jobs=-1
2021-08-07 05:45:03,524:INFO:Calculating mean and std
2021-08-07 05:45:03,525:INFO:Creating metrics dataframe
2021-08-07 05:45:03,529:INFO:Uploading results into container
2021-08-07 05:45:03,530:INFO:Uploading model into container now
2021-08-07 05:45:03,530:INFO:create_model_container: 18
2021-08-07 05:45:03,530:INFO:master_model_container: 18
2021-08-07 05:45:03,530:INFO:display_container: 2
2021-08-07 05:45:03,530:INFO:<catboost.core.CatBoostRegressor object at 0x000001E781D8E808>
2021-08-07 05:45:03,530:INFO:create_model() succesfully completed......................................
2021-08-07 05:45:03,586:INFO:SubProcess create_model() end ==================================
2021-08-07 05:45:03,586:INFO:Creating metrics dataframe
2021-08-07 05:45:03,622:INFO:Initializing create_model()
2021-08-07 05:45:03,622:INFO:create_model(estimator=<catboost.core.CatBoostRegressor object at 0x000001E781D8E808>, fold=KFold(n_splits=10, random_state=None, shuffle=False), round=4, cross_validation=False, predict=False, fit_kwargs={}, groups=None, refit=True, verbose=False, system=False, metrics=None, display=None, kwargs={})
2021-08-07 05:45:03,623:INFO:Checking exceptions
2021-08-07 05:45:03,623:INFO:Importing libraries
2021-08-07 05:45:03,623:INFO:Copying training dataset
2021-08-07 05:45:03,625:INFO:Defining folds
2021-08-07 05:45:03,625:INFO:Declaring metric variables
2021-08-07 05:45:03,625:INFO:Importing untrained model
2021-08-07 05:45:03,625:INFO:Declaring custom model
2021-08-07 05:45:03,625:INFO:CatBoost Regressor Imported succesfully
2021-08-07 05:45:03,626:INFO:Cross validation set to False
2021-08-07 05:45:03,626:INFO:Fitting Model
2021-08-07 05:45:10,993:INFO:<catboost.core.CatBoostRegressor object at 0x000001E783E38B48>
2021-08-07 05:45:10,994:INFO:create_models() succesfully completed......................................
2021-08-07 05:45:11,094:INFO:create_model_container: 18
2021-08-07 05:45:11,095:INFO:master_model_container: 18
2021-08-07 05:45:11,095:INFO:display_container: 2
2021-08-07 05:45:11,095:INFO:<catboost.core.CatBoostRegressor object at 0x000001E783E38B48>
2021-08-07 05:45:11,095:INFO:compare_models() succesfully completed......................................
2021-08-07 05:45:11,099:INFO:Initializing create_model()
2021-08-07 05:45:11,100:INFO:create_model(estimator=catboost, fold=None, round=4, cross_validation=True, predict=True, fit_kwargs=None, groups=None, refit=True, verbose=True, system=True, metrics=None, display=None, kwargs={})
2021-08-07 05:45:11,100:INFO:Checking exceptions
2021-08-07 05:45:11,100:INFO:Preparing display monitor
2021-08-07 05:45:11,119:INFO:Importing libraries
2021-08-07 05:45:11,119:INFO:Copying training dataset
2021-08-07 05:45:11,122:INFO:Defining folds
2021-08-07 05:45:11,122:INFO:Declaring metric variables
2021-08-07 05:45:11,132:INFO:Importing untrained model
2021-08-07 05:45:11,142:INFO:CatBoost Regressor Imported succesfully
2021-08-07 05:45:11,160:INFO:Starting cross validation
2021-08-07 05:45:11,162:INFO:Cross validating with KFold(n_splits=10, random_state=None, shuffle=False), n_jobs=-1
2021-08-07 05:45:38,379:INFO:Calculating mean and std
2021-08-07 05:45:38,380:INFO:Creating metrics dataframe
2021-08-07 05:45:38,393:INFO:Finalizing model
2021-08-07 05:45:45,573:INFO:Uploading results into container
2021-08-07 05:45:45,573:INFO:Uploading model into container now
2021-08-07 05:45:45,583:INFO:create_model_container: 19
2021-08-07 05:45:45,584:INFO:master_model_container: 19
2021-08-07 05:45:45,584:INFO:display_container: 3
2021-08-07 05:45:45,584:INFO:<catboost.core.CatBoostRegressor object at 0x000001E74B3C00C8>
2021-08-07 05:45:45,584:INFO:create_model() succesfully completed......................................
2021-08-07 05:45:45,645:INFO:Initializing tune_model()
2021-08-07 05:45:45,646:INFO:tune_model(estimator=<catboost.core.CatBoostRegressor object at 0x000001E74B3C00C8>, fold=None, round=4, n_iter=10, custom_grid=None, optimize=R2, custom_scorer=None, search_library=scikit-learn, search_algorithm=None, early_stopping=False, early_stopping_max_iters=10, choose_better=False, fit_kwargs=None, groups=None, return_tuner=False, verbose=True, tuner_verbose=True, display=None, kwargs={})
2021-08-07 05:45:45,646:INFO:Checking exceptions
2021-08-07 05:45:45,646:INFO:Preparing display monitor
2021-08-07 05:45:45,666:INFO:Copying training dataset
2021-08-07 05:45:45,667:INFO:Checking base model
2021-08-07 05:45:45,668:INFO:Base model : CatBoost Regressor
2021-08-07 05:45:45,676:INFO:Declaring metric variables
2021-08-07 05:45:45,685:INFO:Defining Hyperparameters
2021-08-07 05:45:45,747:INFO:Tuning with n_jobs=-1
2021-08-07 05:45:45,747:INFO:Initializing RandomizedSearchCV
2021-08-07 05:52:00,247:INFO:best_params: {'actual_estimator__random_strength': 0.4, 'actual_estimator__n_estimators': 210, 'actual_estimator__l2_leaf_reg': 9, 'actual_estimator__eta': 0.2, 'actual_estimator__depth': 11}
2021-08-07 05:52:00,248:INFO:Hyperparameter search completed
2021-08-07 05:52:00,248:INFO:SubProcess create_model() called ==================================
2021-08-07 05:52:00,249:INFO:Initializing create_model()
2021-08-07 05:52:00,249:INFO:create_model(estimator=<catboost.core.CatBoostRegressor object at 0x000001E783D02208>, fold=KFold(n_splits=10, random_state=None, shuffle=False), round=4, cross_validation=True, predict=True, fit_kwargs={}, groups=None, refit=True, verbose=True, system=False, metrics=None, display=<pycaret.internal.Display.Display object at 0x000001E783CF0D48>, kwargs={'random_strength': 0.4, 'n_estimators': 210, 'l2_leaf_reg': 9, 'eta': 0.2, 'depth': 11})
2021-08-07 05:52:00,249:INFO:Checking exceptions
2021-08-07 05:52:00,249:INFO:Importing libraries
2021-08-07 05:52:00,249:INFO:Copying training dataset
2021-08-07 05:52:00,251:INFO:Defining folds
2021-08-07 05:52:00,251:INFO:Declaring metric variables
2021-08-07 05:52:00,259:INFO:Importing untrained model
2021-08-07 05:52:00,259:INFO:Declaring custom model
2021-08-07 05:52:00,268:INFO:CatBoost Regressor Imported succesfully
2021-08-07 05:52:00,287:INFO:Starting cross validation
2021-08-07 05:52:00,288:INFO:Cross validating with KFold(n_splits=10, random_state=None, shuffle=False), n_jobs=-1
2021-08-07 05:54:23,555:INFO:Calculating mean and std
2021-08-07 05:54:23,558:INFO:Creating metrics dataframe
2021-08-07 05:54:23,583:INFO:Finalizing model
2021-08-07 05:54:42,356:INFO:Uploading results into container
2021-08-07 05:54:42,356:INFO:Uploading model into container now
2021-08-07 05:54:42,356:INFO:create_model_container: 20
2021-08-07 05:54:42,356:INFO:master_model_container: 20
2021-08-07 05:54:42,356:INFO:display_container: 4
2021-08-07 05:54:42,357:INFO:<catboost.core.CatBoostRegressor object at 0x000001E784051E48>
2021-08-07 05:54:42,357:INFO:create_model() succesfully completed......................................
2021-08-07 05:54:42,416:INFO:SubProcess create_model() end ==================================
2021-08-07 05:54:42,428:INFO:create_model_container: 20
2021-08-07 05:54:42,428:INFO:master_model_container: 20
2021-08-07 05:54:42,428:INFO:display_container: 4
2021-08-07 05:54:42,428:INFO:<catboost.core.CatBoostRegressor object at 0x000001E784051E48>
2021-08-07 05:54:42,428:INFO:tune_model() succesfully completed......................................
2021-08-07 05:54:42,487:INFO:Initializing plot_model()
2021-08-07 05:54:42,487:INFO:plot_model(plot=residuals, fold=None, use_train_data=False, verbose=True, is_in_evaluate=False, display=None, display_format=None, estimator=<catboost.core.CatBoostRegressor object at 0x000001E784051E48>, feature_name=None, fit_kwargs=None, groups=None, label=False, save=False, scale=1, system=True)
2021-08-07 05:54:42,487:INFO:Checking exceptions
2021-08-07 05:54:42,488:INFO:Preparing display monitor
2021-08-07 05:54:42,496:INFO:Preloading libraries
2021-08-07 05:54:42,512:INFO:Copying training dataset
2021-08-07 05:54:42,514:INFO:Copying test dataset
2021-08-07 05:54:42,514:INFO:Plot type: residuals
2021-08-07 05:54:42,627:INFO:Fitting Model
2021-08-07 05:54:42,702:INFO:Scoring test/hold-out set
2021-08-07 05:54:43,409:INFO:Visual Rendered Successfully
2021-08-07 05:54:43,478:INFO:plot_model() succesfully completed......................................
2021-08-07 05:55:21,350:INFO:Initializing plot_model()
2021-08-07 05:55:21,350:INFO:plot_model(plot=feature, fold=None, use_train_data=False, verbose=True, is_in_evaluate=False, display=None, display_format=None, estimator=<catboost.core.CatBoostRegressor object at 0x000001E784051E48>, feature_name=None, fit_kwargs=None, groups=None, label=False, save=False, scale=1, system=True)
2021-08-07 05:55:21,350:INFO:Checking exceptions
2021-08-07 05:55:21,351:INFO:Preparing display monitor
2021-08-07 05:55:21,357:INFO:Preloading libraries
2021-08-07 05:55:21,373:INFO:Copying training dataset
2021-08-07 05:55:21,375:INFO:Copying test dataset
2021-08-07 05:55:21,376:INFO:Plot type: feature
2021-08-07 05:55:21,379:WARNING:No coef_ found. Trying feature_importances_
2021-08-07 05:55:21,536:INFO:Visual Rendered Successfully
2021-08-07 05:55:21,592:INFO:plot_model() succesfully completed......................................
2021-08-07 05:56:44,438:INFO:PyCaret Supervised Module
2021-08-07 05:56:44,439:INFO:ML Usecase: regression
2021-08-07 05:56:44,439:INFO:version 2.3.3
2021-08-07 05:56:44,439:INFO:Initializing setup()
2021-08-07 05:56:44,439:INFO:setup(target=SalePrice, ml_usecase=regression, available_plots={'parameter': 'Hyperparameters', 'residuals': 'Residuals', 'error': 'Prediction Error', 'cooks': 'Cooks Distance', 'rfe': 'Feature Selection', 'learning': 'Learning Curve', 'manifold': 'Manifold Learning', 'vc': 'Validation Curve', 'feature': 'Feature Importance', 'feature_all': 'Feature Importance (All)', 'tree': 'Decision Tree', 'residuals_interactive': 'Interactive Residuals'}, train_size=0.7, test_data=None, preprocess=True, imputation_type=iterative, iterative_imputation_iters=5, categorical_features=None, categorical_imputation=constant, categorical_iterative_imputer=lightgbm, ordinal_features=None, high_cardinality_features=None, high_cardinality_method=frequency, numeric_features=None, numeric_imputation=mean, numeric_iterative_imputer=lightgbm, date_features=None, ignore_features=None, normalize=False, normalize_method=zscore, transformation=True, transformation_method=yeo-johnson, handle_unknown_categorical=True, unknown_categorical_method=least_frequent, pca=False, pca_method=linear, pca_components=None, ignore_low_variance=False, combine_rare_levels=False, rare_level_threshold=0.1, bin_numeric_features=None, remove_outliers=False, outliers_threshold=0.05, remove_multicollinearity=False, multicollinearity_threshold=0.9, remove_perfect_collinearity=True, create_clusters=False, cluster_iter=20, polynomial_features=False, polynomial_degree=2, trigonometry_features=False, polynomial_threshold=0.1, group_features=None, group_names=None, feature_selection=False, feature_selection_threshold=0.8, feature_selection_method=classic, feature_interaction=True, feature_ratio=False, interaction_threshold=0.01, fix_imbalance=False, fix_imbalance_method=None, transform_target=True, transform_target_method=box-cox, data_split_shuffle=True, data_split_stratify=False, fold_strategy=kfold, fold=10, fold_shuffle=False, fold_groups=None, n_jobs=-1, use_gpu=False, custom_pipeline=None, html=True, session_id=None, log_experiment=False, experiment_name=None, log_plots=False, log_profile=False, log_data=False, silent=False, verbose=True, profile=False, profile_kwargs=None, display=None)
2021-08-07 05:56:44,439:INFO:Checking environment
2021-08-07 05:56:44,439:INFO:python_version: 3.7.11
2021-08-07 05:56:44,439:INFO:python_build: ('default', 'Jul 27 2021 09:42:29')
2021-08-07 05:56:44,440:INFO:machine: AMD64
2021-08-07 05:56:44,440:INFO:platform: Windows-10-10.0.18362-SP0
2021-08-07 05:56:44,442:WARNING:cannot find psutil installation. memory not traceable. Install psutil using pip to enable memory logging.
2021-08-07 05:56:44,442:INFO:Checking libraries
2021-08-07 05:56:44,442:INFO:pd==1.3.1
2021-08-07 05:56:44,442:INFO:numpy==1.19.5
2021-08-07 05:56:44,442:INFO:sklearn==0.23.2
2021-08-07 05:56:44,443:INFO:lightgbm==3.2.1
2021-08-07 05:56:44,443:INFO:catboost==0.26.1
2021-08-07 05:56:44,443:INFO:xgboost==1.4.2
2021-08-07 05:56:44,443:INFO:mlflow==1.19.0
2021-08-07 05:56:44,443:INFO:Checking Exceptions
2021-08-07 05:56:44,443:INFO:Declaring global variables
2021-08-07 05:56:44,443:INFO:USI: 1b9d
2021-08-07 05:56:44,443:INFO:pycaret_globals: {'X', 'X_train', 'X_test', 'fix_imbalance_param', 'n_jobs_param', 'html_param', 'USI', 'fold_param', 'prep_pipe', 'log_plots_param', '_all_models', 'exp_name_log', 'imputation_classifier', 'fold_shuffle_param', '_all_metrics', 'master_model_container', 'fix_imbalance_method_param', 'gpu_param', 'y_train', '_all_models_internal', '_ml_usecase', 'stratify_param', 'target_param', 'data_before_preprocess', 'display_container', 'fold_generator', 'y', 'logging_param', '_internal_pipeline', 'create_model_container', '_gpu_n_jobs_param', 'iterative_imputation_iters_param', 'pycaret_globals', 'seed', 'imputation_regressor', 'experiment__', 'transform_target_param', 'fold_groups_param_full', 'y_test', '_available_plots', 'transform_target_method_param', 'fold_groups_param'}
2021-08-07 05:56:44,443:INFO:Preparing display monitor
2021-08-07 05:56:44,443:INFO:Preparing display monitor
2021-08-07 05:56:44,459:INFO:Importing libraries
2021-08-07 05:56:44,459:INFO:Copying data for preprocessing
2021-08-07 05:56:44,469:INFO:Declaring preprocessing parameters
2021-08-07 05:56:44,473:INFO:Setting up iterative imputation
2021-08-07 05:56:44,658:INFO:Creating preprocessing pipeline
2021-08-07 05:56:44,686:INFO:Preprocessing pipeline created successfully
2021-08-07 05:56:44,686:ERROR:(Process Exit): setup has been interupted with user command 'quit'. setup must rerun.
2021-08-07 05:56:44,687:INFO:Creating global containers
2021-08-07 05:56:44,687:INFO:Internal pipeline: Pipeline(memory=None, steps=[('empty_step', 'passthrough')], verbose=False)
2021-08-07 05:56:47,344:INFO:Iterative Imputation: 1 cycle | MasVnrType
2021-08-07 05:56:48,175:INFO:Iterative Imputation: 1 cycle | MasVnrArea
2021-08-07 05:56:48,518:INFO:Iterative Imputation: 1 cycle | BsmtQual
2021-08-07 05:56:49,322:INFO:Iterative Imputation: 1 cycle | BsmtFinType1
2021-08-07 05:56:50,371:INFO:Iterative Imputation: 1 cycle | BsmtExposure
2021-08-07 05:56:51,162:INFO:Iterative Imputation: 1 cycle | BsmtCond
2021-08-07 05:56:51,989:INFO:Iterative Imputation: 1 cycle | BsmtFinType2
2021-08-07 05:56:52,871:INFO:Iterative Imputation: 1 cycle | GarageYrBlt
2021-08-07 05:56:53,229:INFO:Iterative Imputation: 1 cycle | GarageCond
2021-08-07 05:56:53,979:INFO:Iterative Imputation: 1 cycle | GarageQual
2021-08-07 05:56:54,771:INFO:Iterative Imputation: 1 cycle | GarageFinish
2021-08-07 05:56:55,585:INFO:Iterative Imputation: 1 cycle | GarageType
2021-08-07 05:56:56,787:INFO:Iterative Imputation: 1 cycle | LotFrontage
2021-08-07 05:56:57,161:INFO:Iterative Imputation: 1 cycle | FireplaceQu
2021-08-07 05:56:58,020:INFO:Iterative Imputation: 1 cycle | Fence
2021-08-07 05:56:58,408:INFO:Iterative Imputation: 1 cycle | Alley
2021-08-07 05:56:58,639:INFO:Iterative Imputation: 1 cycle | MiscFeature
2021-08-07 05:56:58,871:INFO:Iterative Imputation: 1 cycle | PoolQC
2021-08-07 05:56:59,095:INFO:Iterative Imputation: 2 cycle | MasVnrType
2021-08-07 05:56:59,982:INFO:Iterative Imputation: 2 cycle | MasVnrArea
2021-08-07 05:57:00,356:INFO:Iterative Imputation: 2 cycle | BsmtQual
2021-08-07 05:57:01,355:INFO:Iterative Imputation: 2 cycle | BsmtFinType1
2021-08-07 05:57:02,800:INFO:Iterative Imputation: 2 cycle | BsmtExposure
2021-08-07 05:57:03,840:INFO:Iterative Imputation: 2 cycle | BsmtCond
2021-08-07 05:57:04,857:INFO:Iterative Imputation: 2 cycle | BsmtFinType2
2021-08-07 05:57:06,017:INFO:Iterative Imputation: 2 cycle | GarageYrBlt
2021-08-07 05:57:06,410:INFO:Iterative Imputation: 2 cycle | GarageCond
2021-08-07 05:57:07,252:INFO:Iterative Imputation: 2 cycle | GarageQual
2021-08-07 05:57:08,266:INFO:Iterative Imputation: 2 cycle | GarageFinish
2021-08-07 05:57:09,099:INFO:Iterative Imputation: 2 cycle | GarageType
2021-08-07 05:57:10,184:INFO:Iterative Imputation: 2 cycle | LotFrontage
2021-08-07 05:57:10,544:INFO:Iterative Imputation: 2 cycle | FireplaceQu
2021-08-07 05:57:11,275:INFO:Iterative Imputation: 2 cycle | Fence
2021-08-07 05:57:11,662:INFO:Iterative Imputation: 2 cycle | Alley
2021-08-07 05:57:11,898:INFO:Iterative Imputation: 2 cycle | MiscFeature
2021-08-07 05:57:12,118:INFO:Iterative Imputation: 2 cycle | PoolQC
2021-08-07 05:57:12,340:INFO:Iterative Imputation: 3 cycle | MasVnrType
2021-08-07 05:57:13,215:INFO:Iterative Imputation: 3 cycle | MasVnrArea
2021-08-07 05:57:13,573:INFO:Iterative Imputation: 3 cycle | BsmtQual
2021-08-07 05:57:14,342:INFO:Iterative Imputation: 3 cycle | BsmtFinType1
2021-08-07 05:57:15,448:INFO:Iterative Imputation: 3 cycle | BsmtExposure
2021-08-07 05:57:16,351:INFO:Iterative Imputation: 3 cycle | BsmtCond
2021-08-07 05:57:17,229:INFO:Iterative Imputation: 3 cycle | BsmtFinType2
2021-08-07 05:57:18,214:INFO:Iterative Imputation: 3 cycle | GarageYrBlt
2021-08-07 05:57:18,548:INFO:Iterative Imputation: 3 cycle | GarageCond
2021-08-07 05:57:19,308:INFO:Iterative Imputation: 3 cycle | GarageQual
2021-08-07 05:57:20,104:INFO:Iterative Imputation: 3 cycle | GarageFinish
2021-08-07 05:57:20,761:INFO:Iterative Imputation: 3 cycle | GarageType
2021-08-07 05:57:21,763:INFO:Iterative Imputation: 3 cycle | LotFrontage
2021-08-07 05:57:22,113:INFO:Iterative Imputation: 3 cycle | FireplaceQu
2021-08-07 05:57:22,857:INFO:Iterative Imputation: 3 cycle | Fence
2021-08-07 05:57:23,256:INFO:Iterative Imputation: 3 cycle | Alley
2021-08-07 05:57:23,482:INFO:Iterative Imputation: 3 cycle | MiscFeature
2021-08-07 05:57:23,703:INFO:Iterative Imputation: 3 cycle | PoolQC
2021-08-07 05:57:23,933:INFO:Iterative Imputation: 4 cycle | MasVnrType
2021-08-07 05:57:24,908:INFO:Iterative Imputation: 4 cycle | MasVnrArea
2021-08-07 05:57:25,286:INFO:Iterative Imputation: 4 cycle | BsmtQual
2021-08-07 05:57:26,137:INFO:Iterative Imputation: 4 cycle | BsmtFinType1
2021-08-07 05:57:27,366:INFO:Iterative Imputation: 4 cycle | BsmtExposure
2021-08-07 05:57:28,327:INFO:Iterative Imputation: 4 cycle | BsmtCond
2021-08-07 05:57:29,252:INFO:Iterative Imputation: 4 cycle | BsmtFinType2
2021-08-07 05:57:30,297:INFO:Iterative Imputation: 4 cycle | GarageYrBlt
2021-08-07 05:57:30,675:INFO:Iterative Imputation: 4 cycle | GarageCond
2021-08-07 05:57:31,478:INFO:Iterative Imputation: 4 cycle | GarageQual
2021-08-07 05:57:32,304:INFO:Iterative Imputation: 4 cycle | GarageFinish
2021-08-07 05:57:32,903:INFO:Iterative Imputation: 4 cycle | GarageType
2021-08-07 05:57:34,031:INFO:Iterative Imputation: 4 cycle | LotFrontage
2021-08-07 05:57:34,379:INFO:Iterative Imputation: 4 cycle | FireplaceQu
2021-08-07 05:57:35,090:INFO:Iterative Imputation: 4 cycle | Fence
2021-08-07 05:57:35,433:INFO:Iterative Imputation: 4 cycle | Alley
2021-08-07 05:57:35,663:INFO:Iterative Imputation: 4 cycle | MiscFeature
2021-08-07 05:57:35,877:INFO:Iterative Imputation: 4 cycle | PoolQC
2021-08-07 05:57:36,092:INFO:Iterative Imputation: 5 cycle | MasVnrType
2021-08-07 05:57:36,969:INFO:Iterative Imputation: 5 cycle | MasVnrArea
2021-08-07 05:57:37,337:INFO:Iterative Imputation: 5 cycle | BsmtQual
2021-08-07 05:57:38,173:INFO:Iterative Imputation: 5 cycle | BsmtFinType1
2021-08-07 05:57:39,258:INFO:Iterative Imputation: 5 cycle | BsmtExposure
2021-08-07 05:57:40,046:INFO:Iterative Imputation: 5 cycle | BsmtCond
2021-08-07 05:57:40,871:INFO:Iterative Imputation: 5 cycle | BsmtFinType2
2021-08-07 05:57:41,820:INFO:Iterative Imputation: 5 cycle | GarageYrBlt
2021-08-07 05:57:42,175:INFO:Iterative Imputation: 5 cycle | GarageCond
2021-08-07 05:57:42,860:INFO:Iterative Imputation: 5 cycle | GarageQual
2021-08-07 05:57:43,573:INFO:Iterative Imputation: 5 cycle | GarageFinish
2021-08-07 05:57:44,172:INFO:Iterative Imputation: 5 cycle | GarageType
2021-08-07 05:57:45,141:INFO:Iterative Imputation: 5 cycle | LotFrontage
2021-08-07 05:57:45,486:INFO:Iterative Imputation: 5 cycle | FireplaceQu
2021-08-07 05:57:46,125:INFO:Iterative Imputation: 5 cycle | Fence
2021-08-07 05:57:46,466:INFO:Iterative Imputation: 5 cycle | Alley
2021-08-07 05:57:46,704:INFO:Iterative Imputation: 5 cycle | MiscFeature
2021-08-07 05:57:46,923:INFO:Iterative Imputation: 5 cycle | PoolQC
